<?xml version="1.0" encoding="UTF-8"?>
<testng-results skipped="0" failed="0" total="2" passed="2">
  <reporter-output>
  </reporter-output>
  <suite name="Suite" duration-ms="13331" started-at="2017-11-27T15:28:05Z" finished-at="2017-11-27T15:28:18Z">
    <groups>
    </groups>
    <test name="ChromeTest" duration-ms="13331" started-at="2017-11-27T15:28:05Z" finished-at="2017-11-27T15:28:18Z">
      <class name="ua.rozetka.FirstTest">
        <test-method status="PASS" signature="setUp()[pri:0, instance:ua.rozetka.FirstTest@5e5792a0]" name="setUp" is-config="true" duration-ms="9068" started-at="2017-11-27T17:28:05Z" finished-at="2017-11-27T17:28:14Z">
          <reporter-output>
          </reporter-output>
        </test-method> <!-- setUp -->
        <test-method status="PASS" signature="setupClass()[pri:0, instance:ua.rozetka.FirstTest@5e5792a0]" name="setupClass" is-config="true" duration-ms="882" started-at="2017-11-27T17:28:14Z" finished-at="2017-11-27T17:28:15Z">
          <reporter-output>
          </reporter-output>
        </test-method> <!-- setupClass -->
        <test-method status="PASS" signature="f()[pri:0, instance:ua.rozetka.FirstTest@5e5792a0]" name="f" duration-ms="2082" started-at="2017-11-27T17:28:15Z" finished-at="2017-11-27T17:28:17Z">
          <reporter-output>
          </reporter-output>
        </test-method> <!-- f -->
        <test-method status="PASS" signature="SecondPAge()[pri:0, instance:ua.rozetka.FirstTest@5e5792a0]" name="SecondPAge" duration-ms="2" started-at="2017-11-27T17:28:17Z" finished-at="2017-11-27T17:28:17Z">
          <reporter-output>
          </reporter-output>
        </test-method> <!-- SecondPAge -->
        <test-method status="PASS" signature="Teardown()[pri:0, instance:ua.rozetka.FirstTest@5e5792a0]" name="Teardown" is-config="true" duration-ms="1224" started-at="2017-11-27T17:28:17Z" finished-at="2017-11-27T17:28:18Z">
          <reporter-output>
          </reporter-output>
        </test-method> <!-- Teardown -->
      </class> <!-- ua.rozetka.FirstTest -->
    </test> <!-- ChromeTest -->
  </suite> <!-- Suite -->
</testng-results>
