<?xml version="1.0" encoding="UTF-8"?>
<testng-results skipped="0" failed="0" total="4" passed="4">
  <reporter-output>
  </reporter-output>
  <suite name="Suite" duration-ms="22958" started-at="2018-02-12T14:56:38Z" finished-at="2018-02-12T14:57:01Z">
    <groups>
    </groups>
    <test name="ChromeTest" duration-ms="22958" started-at="2018-02-12T14:56:38Z" finished-at="2018-02-12T14:57:01Z">
      <class name="ua.rozetka.FirstTest">
        <test-method status="PASS" signature="setUp()[pri:0, instance:ua.rozetka.FirstTest@26653222]" name="setUp" is-config="true" duration-ms="4120" started-at="2018-02-12T16:56:38Z" finished-at="2018-02-12T16:56:42Z">
          <reporter-output>
          </reporter-output>
        </test-method> <!-- setUp -->
        <test-method status="PASS" signature="setupClass()[pri:0, instance:ua.rozetka.FirstTest@26653222]" name="setupClass" is-config="true" duration-ms="864" started-at="2018-02-12T16:56:42Z" finished-at="2018-02-12T16:56:43Z">
          <reporter-output>
          </reporter-output>
        </test-method> <!-- setupClass -->
        <test-method status="PASS" signature="MainPage()[pri:0, instance:ua.rozetka.FirstTest@26653222]" name="MainPage" duration-ms="5846" started-at="2018-02-12T16:56:43Z" finished-at="2018-02-12T16:56:49Z">
          <reporter-output>
          </reporter-output>
        </test-method> <!-- MainPage -->
        <test-method status="PASS" signature="SecondPage()[pri:0, instance:ua.rozetka.FirstTest@26653222]" name="SecondPage" duration-ms="2528" started-at="2018-02-12T16:56:49Z" finished-at="2018-02-12T16:56:52Z">
          <reporter-output>
          </reporter-output>
        </test-method> <!-- SecondPage -->
        <test-method status="PASS" signature="TelephonePage()[pri:0, instance:ua.rozetka.FirstTest@26653222]" name="TelephonePage" duration-ms="4037" started-at="2018-02-12T16:56:52Z" finished-at="2018-02-12T16:56:56Z">
          <reporter-output>
          </reporter-output>
        </test-method> <!-- TelephonePage -->
        <test-method status="PASS" signature="SmartPhonePage()[pri:0, instance:ua.rozetka.FirstTest@26653222]" name="SmartPhonePage" duration-ms="4124" started-at="2018-02-12T16:56:56Z" finished-at="2018-02-12T16:57:00Z">
          <reporter-output>
          </reporter-output>
        </test-method> <!-- SmartPhonePage -->
        <test-method status="PASS" signature="Teardown()[pri:0, instance:ua.rozetka.FirstTest@26653222]" name="Teardown" is-config="true" duration-ms="1422" started-at="2018-02-12T16:57:00Z" finished-at="2018-02-12T16:57:01Z">
          <reporter-output>
          </reporter-output>
        </test-method> <!-- Teardown -->
      </class> <!-- ua.rozetka.FirstTest -->
    </test> <!-- ChromeTest -->
  </suite> <!-- Suite -->
</testng-results>
