<?xml version="1.0" encoding="UTF-8"?>
<testng-results skipped="2" failed="0" total="2" passed="0">
  <reporter-output>
  </reporter-output>
  <suite name="Suite" duration-ms="6620" started-at="2017-11-24T08:31:47Z" finished-at="2017-11-24T08:31:53Z">
    <groups>
    </groups>
    <test name="ChromeTest" duration-ms="6620" started-at="2017-11-24T08:31:47Z" finished-at="2017-11-24T08:31:53Z">
      <class name="ua.rozetka.FirstTest">
        <test-method status="PASS" signature="setUp()[pri:0, instance:ua.rozetka.FirstTest@5e5792a0]" name="setUp" is-config="true" duration-ms="6520" started-at="2017-11-24T10:31:47Z" finished-at="2017-11-24T10:31:53Z">
          <reporter-output>
          </reporter-output>
        </test-method> <!-- setUp -->
        <test-method status="FAIL" signature="setupClass()[pri:0, instance:ua.rozetka.FirstTest@5e5792a0]" name="setupClass" is-config="true" duration-ms="0" started-at="2017-11-24T10:31:53Z" finished-at="2017-11-24T10:31:53Z">
          <exception class="io.github.bonigarcia.wdm.WebDriverManagerException">
            <message>
              <![CDATA[Exception managing driver for [chromedriver]]]>
            </message>
            <full-stacktrace>
              <![CDATA[io.github.bonigarcia.wdm.WebDriverManagerException: Exception managing driver for [chromedriver]
	at io.github.bonigarcia.wdm.BrowserManager.manage(BrowserManager.java:288)
	at io.github.bonigarcia.wdm.BrowserManager.manage(BrowserManager.java:279)
	at io.github.bonigarcia.wdm.BrowserManager.setup(BrowserManager.java:839)
	at io.github.bonigarcia.wdm.BrowserManager.setup(BrowserManager.java:787)
	at ua.rozetka.FirstTest.setupClass(FirstTest.java:36)
	at sun.reflect.NativeMethodAccessorImpl.invoke0(Native Method)
	at sun.reflect.NativeMethodAccessorImpl.invoke(Unknown Source)
	at sun.reflect.DelegatingMethodAccessorImpl.invoke(Unknown Source)
	at java.lang.reflect.Method.invoke(Unknown Source)
	at org.testng.internal.MethodInvocationHelper.invokeMethod(MethodInvocationHelper.java:80)
	at org.testng.internal.Invoker.invokeConfigurationMethod(Invoker.java:564)
	at org.testng.internal.Invoker.invokeConfigurations(Invoker.java:213)
	at org.testng.internal.Invoker.invokeConfigurations(Invoker.java:138)
	at org.testng.internal.TestMethodWorker.invokeBeforeClassMethods(TestMethodWorker.java:175)
	at org.testng.internal.TestMethodWorker.run(TestMethodWorker.java:107)
	at java.util.concurrent.ThreadPoolExecutor.runWorker(Unknown Source)
	at java.util.concurrent.ThreadPoolExecutor$Worker.run(Unknown Source)
	at java.lang.Thread.run(Unknown Source)
Caused by: java.net.UnknownHostException: chromedriver.storage.googleapis.com
	at java.net.InetAddress.getAllByName0(Unknown Source)
	at java.net.InetAddress.getAllByName(Unknown Source)
	at java.net.InetAddress.getAllByName(Unknown Source)
	at org.apache.http.impl.conn.SystemDefaultDnsResolver.resolve(SystemDefaultDnsResolver.java:45)
	at org.apache.http.impl.conn.DefaultHttpClientConnectionOperator.connect(DefaultHttpClientConnectionOperator.java:112)
	at org.apache.http.impl.conn.PoolingHttpClientConnectionManager.connect(PoolingHttpClientConnectionManager.java:359)
	at org.apache.http.impl.execchain.MainClientExec.establishRoute(MainClientExec.java:381)
	at org.apache.http.impl.execchain.MainClientExec.execute(MainClientExec.java:237)
	at org.apache.http.impl.execchain.ProtocolExec.execute(ProtocolExec.java:185)
	at org.apache.http.impl.execchain.RetryExec.execute(RetryExec.java:89)
	at org.apache.http.impl.execchain.RedirectExec.execute(RedirectExec.java:111)
	at org.apache.http.impl.client.InternalHttpClient.doExecute(InternalHttpClient.java:185)
	at org.apache.http.impl.client.CloseableHttpClient.execute(CloseableHttpClient.java:83)
	at org.apache.http.impl.client.CloseableHttpClient.execute(CloseableHttpClient.java:108)
	at io.github.bonigarcia.wdm.WdmHttpClient.execute(WdmHttpClient.java:90)
	at io.github.bonigarcia.wdm.BrowserManager.getDriversFromXml(BrowserManager.java:684)
	at io.github.bonigarcia.wdm.ChromeDriverManager.getDrivers(ChromeDriverManager.java:46)
	at io.github.bonigarcia.wdm.BrowserManager.manage(BrowserManager.java:203)
	... 17 more
]]>
            </full-stacktrace>
          </exception> <!-- io.github.bonigarcia.wdm.WebDriverManagerException -->
          <reporter-output>
          </reporter-output>
        </test-method> <!-- setupClass -->
        <test-method status="SKIP" signature="f()[pri:0, instance:ua.rozetka.FirstTest@5e5792a0]" name="f" duration-ms="2" started-at="2017-11-24T10:31:53Z" finished-at="2017-11-24T10:31:53Z">
          <reporter-output>
          </reporter-output>
        </test-method> <!-- f -->
        <test-method status="SKIP" signature="GoToLink()[pri:0, instance:ua.rozetka.FirstTest@5e5792a0]" name="GoToLink" duration-ms="2" started-at="2017-11-24T10:31:53Z" finished-at="2017-11-24T10:31:53Z">
          <reporter-output>
          </reporter-output>
        </test-method> <!-- GoToLink -->
        <test-method status="SKIP" signature="Teardown()[pri:0, instance:ua.rozetka.FirstTest@5e5792a0]" name="Teardown" is-config="true" duration-ms="0" started-at="2017-11-24T10:31:53Z" finished-at="2017-11-24T10:31:53Z">
          <reporter-output>
          </reporter-output>
        </test-method> <!-- Teardown -->
      </class> <!-- ua.rozetka.FirstTest -->
    </test> <!-- ChromeTest -->
  </suite> <!-- Suite -->
</testng-results>
