<?xml version="1.0" encoding="UTF-8"?>
<testng-results skipped="0" failed="0" total="2" passed="2">
  <reporter-output>
  </reporter-output>
  <suite name="Suite" duration-ms="18764" started-at="2017-12-19T15:18:59Z" finished-at="2017-12-19T15:19:18Z">
    <groups>
    </groups>
    <test name="ChromeTest" duration-ms="18764" started-at="2017-12-19T15:18:59Z" finished-at="2017-12-19T15:19:18Z">
      <class name="ua.rozetka.FirstTest">
        <test-method status="PASS" signature="setUp()[pri:0, instance:ua.rozetka.FirstTest@26653222]" name="setUp" is-config="true" duration-ms="4139" started-at="2017-12-19T17:18:59Z" finished-at="2017-12-19T17:19:03Z">
          <reporter-output>
          </reporter-output>
        </test-method> <!-- setUp -->
        <test-method status="PASS" signature="setupClass()[pri:0, instance:ua.rozetka.FirstTest@26653222]" name="setupClass" is-config="true" duration-ms="947" started-at="2017-12-19T17:19:03Z" finished-at="2017-12-19T17:19:04Z">
          <reporter-output>
          </reporter-output>
        </test-method> <!-- setupClass -->
        <test-method status="PASS" signature="f()[pri:0, instance:ua.rozetka.FirstTest@26653222]" name="f" duration-ms="7666" started-at="2017-12-19T17:19:04Z" finished-at="2017-12-19T17:19:12Z">
          <reporter-output>
          </reporter-output>
        </test-method> <!-- f -->
        <test-method status="PASS" signature="SecondPage()[pri:0, instance:ua.rozetka.FirstTest@26653222]" name="SecondPage" duration-ms="4568" started-at="2017-12-19T17:19:12Z" finished-at="2017-12-19T17:19:16Z">
          <reporter-output>
          </reporter-output>
        </test-method> <!-- SecondPage -->
        <test-method status="PASS" signature="Teardown()[pri:0, instance:ua.rozetka.FirstTest@26653222]" name="Teardown" is-config="true" duration-ms="1433" started-at="2017-12-19T17:19:16Z" finished-at="2017-12-19T17:19:18Z">
          <reporter-output>
          </reporter-output>
        </test-method> <!-- Teardown -->
      </class> <!-- ua.rozetka.FirstTest -->
    </test> <!-- ChromeTest -->
  </suite> <!-- Suite -->
</testng-results>
