<?xml version="1.0" encoding="UTF-8"?>
<testng-results skipped="0" failed="0" total="2" passed="2">
  <reporter-output>
  </reporter-output>
  <suite name="Suite" duration-ms="14506" started-at="2018-02-08T11:47:55Z" finished-at="2018-02-08T11:48:09Z">
    <groups>
    </groups>
    <test name="ChromeTest" duration-ms="14506" started-at="2018-02-08T11:47:55Z" finished-at="2018-02-08T11:48:09Z">
      <class name="ua.rozetka.FirstTest">
        <test-method status="PASS" signature="setUp()[pri:0, instance:ua.rozetka.FirstTest@26653222]" name="setUp" is-config="true" duration-ms="4122" started-at="2018-02-08T13:47:55Z" finished-at="2018-02-08T13:47:59Z">
          <reporter-output>
          </reporter-output>
        </test-method> <!-- setUp -->
        <test-method status="PASS" signature="setupClass()[pri:0, instance:ua.rozetka.FirstTest@26653222]" name="setupClass" is-config="true" duration-ms="843" started-at="2018-02-08T13:47:59Z" finished-at="2018-02-08T13:48:00Z">
          <reporter-output>
          </reporter-output>
        </test-method> <!-- setupClass -->
        <test-method status="PASS" signature="MainPage()[pri:0, instance:ua.rozetka.FirstTest@26653222]" name="MainPage" duration-ms="5421" started-at="2018-02-08T13:48:00Z" finished-at="2018-02-08T13:48:05Z">
          <reporter-output>
          </reporter-output>
        </test-method> <!-- MainPage -->
        <test-method status="PASS" signature="SecondPage()[pri:0, instance:ua.rozetka.FirstTest@26653222]" name="SecondPage" duration-ms="2728" started-at="2018-02-08T13:48:05Z" finished-at="2018-02-08T13:48:08Z">
          <reporter-output>
          </reporter-output>
        </test-method> <!-- SecondPage -->
        <test-method status="PASS" signature="Teardown()[pri:0, instance:ua.rozetka.FirstTest@26653222]" name="Teardown" is-config="true" duration-ms="1380" started-at="2018-02-08T13:48:08Z" finished-at="2018-02-08T13:48:09Z">
          <reporter-output>
          </reporter-output>
        </test-method> <!-- Teardown -->
      </class> <!-- ua.rozetka.FirstTest -->
    </test> <!-- ChromeTest -->
  </suite> <!-- Suite -->
</testng-results>
