<?xml version="1.0" encoding="UTF-8"?>
<testng-results skipped="0" failed="0" total="2" passed="2">
  <reporter-output>
  </reporter-output>
  <suite name="Suite" duration-ms="18093" started-at="2017-12-18T15:20:01Z" finished-at="2017-12-18T15:20:19Z">
    <groups>
    </groups>
    <test name="ChromeTest" duration-ms="18093" started-at="2017-12-18T15:20:01Z" finished-at="2017-12-18T15:20:19Z">
      <class name="ua.rozetka.FirstTest">
        <test-method status="PASS" signature="setUp()[pri:0, instance:ua.rozetka.FirstTest@26653222]" name="setUp" is-config="true" duration-ms="4123" started-at="2017-12-18T17:20:01Z" finished-at="2017-12-18T17:20:05Z">
          <reporter-output>
          </reporter-output>
        </test-method> <!-- setUp -->
        <test-method status="PASS" signature="setupClass()[pri:0, instance:ua.rozetka.FirstTest@26653222]" name="setupClass" is-config="true" duration-ms="850" started-at="2017-12-18T17:20:05Z" finished-at="2017-12-18T17:20:06Z">
          <reporter-output>
          </reporter-output>
        </test-method> <!-- setupClass -->
        <test-method status="PASS" signature="f()[pri:0, instance:ua.rozetka.FirstTest@26653222]" name="f" duration-ms="4115" started-at="2017-12-18T17:20:06Z" finished-at="2017-12-18T17:20:10Z">
          <reporter-output>
          </reporter-output>
        </test-method> <!-- f -->
        <test-method status="PASS" signature="SecondPage()[pri:0, instance:ua.rozetka.FirstTest@26653222]" name="SecondPage" duration-ms="7498" started-at="2017-12-18T17:20:10Z" finished-at="2017-12-18T17:20:18Z">
          <reporter-output>
          </reporter-output>
        </test-method> <!-- SecondPage -->
        <test-method status="PASS" signature="Teardown()[pri:0, instance:ua.rozetka.FirstTest@26653222]" name="Teardown" is-config="true" duration-ms="1495" started-at="2017-12-18T17:20:18Z" finished-at="2017-12-18T17:20:19Z">
          <reporter-output>
          </reporter-output>
        </test-method> <!-- Teardown -->
      </class> <!-- ua.rozetka.FirstTest -->
    </test> <!-- ChromeTest -->
  </suite> <!-- Suite -->
</testng-results>
