<?xml version="1.0" encoding="UTF-8"?>
<!-- Generated by org.testng.reporters.JUnitXMLReporter -->
<testsuite hostname="TYUDM" name="Command line test" tests="5" failures="0" timestamp="13 Apr 2018 14:14:31 GMT" time="22.514" errors="0">
  <testcase name="MainPage" time="4.751" classname="ua.rozetka.FirstTest"/>
  <testcase name="SecondPage" time="1.196" classname="ua.rozetka.FirstTest"/>
  <testcase name="TelephonePage" time="1.961" classname="ua.rozetka.FirstTest"/>
  <testcase name="SmartPhonePage" time="4.026" classname="ua.rozetka.FirstTest"/>
  <testcase name="SelectProductWithStock" time="3.668" classname="ua.rozetka.FirstTest"/>
</testsuite> <!-- Command line test -->
