<?xml version="1.0" encoding="UTF-8"?>
<!-- Generated by org.testng.reporters.JUnitXMLReporter -->
<testsuite hostname="TYUDM" ignored="0" name="Default test" tests="4" failures="0" timestamp="22 Feb 2018 10:35:27 GMT" time="22.108" errors="0">
  <testcase name="MainPage" time="6.335" classname="ua.rozetka.FirstTest"/>
  <testcase name="SecondPage" time="2.884" classname="ua.rozetka.FirstTest"/>
  <testcase name="TelephonePage" time="2.261" classname="ua.rozetka.FirstTest"/>
  <testcase name="SmartPhonePage" time="3.678" classname="ua.rozetka.FirstTest"/>
</testsuite> <!-- Default test -->
