<?xml version="1.0" encoding="UTF-8"?>
<!-- Generated by org.testng.reporters.JUnitXMLReporter -->
<testsuite hostname="TYUDM" ignored="0" name="Default test" tests="5" failures="0" timestamp="19 Apr 2018 16:05:18 GMT" time="24.714" errors="0">
  <testcase name="MainPage" time="4.676" classname="ua.rozetka.FirstTest"/>
  <testcase name="SecondPage" time="1.537" classname="ua.rozetka.FirstTest"/>
  <testcase name="TelephonePage" time="1.127" classname="ua.rozetka.FirstTest"/>
  <testcase name="SmartPhonePage" time="4.128" classname="ua.rozetka.FirstTest"/>
  <testcase name="SelectProductWithStock" time="3.47" classname="ua.rozetka.FirstTest"/>
</testsuite> <!-- Default test -->
