<?xml version="1.0" encoding="UTF-8"?>
<!-- Generated by org.testng.reporters.JUnitReportReporter -->
<testsuite hostname="TYUDM" name="ua.rozetka.FirstTest" tests="4" failures="0" timestamp="6 Apr 2018 13:02:14 GMT" time="20.138" errors="0">
  <testcase name="TelephonePage" time="1.966" classname="ua.rozetka.FirstTest"/>
  <testcase name="SmartPhonePage" time="4.032" classname="ua.rozetka.FirstTest"/>
  <testcase name="SecondPage" time="8.579" classname="ua.rozetka.FirstTest"/>
  <testcase name="MainPage" time="5.561" classname="ua.rozetka.FirstTest"/>
</testsuite> <!-- ua.rozetka.FirstTest -->
