<?xml version="1.0" encoding="UTF-8"?>
<!-- Generated by org.testng.reporters.JUnitXMLReporter -->
<testsuite hostname="TYUDM" name="ChromeTest" tests="2" failures="1" timestamp="19 Dec 2017 15:37:03 GMT" time="9.057" errors="0">
  <testcase name="f" time="3.669" classname="ua.rozetka.FirstTest"/>
  <testcase name="SecondPage" time="0.342" classname="ua.rozetka.FirstTest">
    <failure type="java.lang.AssertionError">
      <![CDATA[java.lang.AssertionError: 
	at ua.rozetka.Page.CheckTheTitle(Page.java:66)
	at ua.rozetka.PhTvElectronicsPage.GoToSmartTVElect(PhTvElectronicsPage.java:37)
	at ua.rozetka.FirstTest.SecondPage(FirstTest.java:19)
... Removed 27 stack frames]]>
    </failure>
  </testcase> <!-- SecondPage -->
</testsuite> <!-- ChromeTest -->
