<?xml version="1.0" encoding="UTF-8"?>
<!-- Generated by org.testng.reporters.JUnitXMLReporter -->
<testsuite hostname="TYUDM" name="ChromeTest" tests="2" failures="0" timestamp="23 Nov 2017 14:12:01 GMT" time="0.08" errors="0">
  <testcase name="@BeforeTest setUp" time="0.0" classname="ua.rozetka.FirstTest">
    <failure type="java.lang.IllegalStateException" message="The path to the driver executable must be set by the phantomjs.binary.path capability/system property/PATH variable; for more information, see https://github.com/ariya/phantomjs/wiki. The latest version can be downloaded from http://phantomjs.org/download.html">
      <![CDATA[java.lang.IllegalStateException: The path to the driver executable must be set by the phantomjs.binary.path capability/system property/PATH variable; for more information, see https://github.com/ariya/phantomjs/wiki. The latest version can be downloaded from http://phantomjs.org/download.html
	at com.google.common.base.Preconditions.checkState(Preconditions.java:738)
	at org.openqa.selenium.phantomjs.PhantomJSDriverService.findPhantomJS(PhantomJSDriverService.java:236)
	at org.openqa.selenium.phantomjs.PhantomJSDriverService.createDefaultService(PhantomJSDriverService.java:181)
	at org.openqa.selenium.phantomjs.PhantomJSDriver.<init>(PhantomJSDriver.java:105)
	at org.openqa.selenium.phantomjs.PhantomJSDriver.<init>(PhantomJSDriver.java:95)
	at ua.rozetka.FirstTest.setUp(FirstTest.java:59)
... Removed 22 stack frames]]>
    </failure>
  </testcase> <!-- @BeforeTest setUp -->
  <testcase name="@AfterTest Teardown" time="0.0" classname="ua.rozetka.FirstTest">
    <skipped/>
  </testcase> <!-- @AfterTest Teardown -->
  <testcase name="f" time="0.002" classname="ua.rozetka.FirstTest">
    <skipped/>
  </testcase> <!-- f -->
  <testcase name="GoToLink" time="0.001" classname="ua.rozetka.FirstTest">
    <skipped/>
  </testcase> <!-- GoToLink -->
</testsuite> <!-- ChromeTest -->
